2024-12-14 16:17:45 [main] INFO : Запуск приложения
2024-12-14 16:17:45 [main] ERROR: error
2024-12-14 16:18:04 [main] INFO : Запуск приложения
2024-12-14 16:18:04 [main] DEBUG: Otladka
2024-12-14 16:18:04 [main] ERROR: error
2024-12-14 16:35:03 [main] INFO : Запуск приложения
2024-12-14 16:35:03 [main] DEBUG: Otladka
2024-12-14 16:35:03 [main] ERROR: error
2024-12-14 18:37:15 [main] INFO : Запуск приложения
2024-12-14 18:37:15 [main] DEBUG: Otladka
2024-12-14 18:37:15 [main] ERROR: error
2024-12-14 18:42:49 [main] INFO : Запуск приложения
2024-12-14 18:42:49 [main] DEBUG: Otladka
2024-12-14 18:42:49 [main] ERROR: error
2024-12-14 18:43:53 [main] INFO : Запуск приложения
2024-12-14 18:43:53 [main] DEBUG: Otladka
2024-12-14 18:43:53 [main] ERROR: error
2024-12-14 18:45:18 [main] INFO : Запуск приложения
2024-12-14 18:45:18 [main] DEBUG: Otladka
2024-12-14 18:45:18 [main] ERROR: error
2024-12-14 18:45:47 [main] INFO : Запуск приложения
2024-12-14 18:45:47 [main] DEBUG: Otladka
2024-12-14 18:45:47 [main] ERROR: error
2024-12-14 20:03:09 [main] INFO : Запуск приложения
2024-12-14 20:03:09 [main] DEBUG: Otladka
2024-12-14 20:03:09 [main] ERROR: error
2024-12-14 20:03:59 [main] INFO : Запуск приложения
2024-12-14 20:03:59 [main] DEBUG: Otladka
2024-12-14 20:03:59 [main] ERROR: error
2024-12-15 18:08:47 [main] INFO : Запуск приложения
2024-12-15 18:08:47 [main] DEBUG: Otladka
2024-12-15 18:08:47 [main] ERROR: error
2024-12-15 18:09:18 [main] INFO : Запуск приложения
2024-12-15 18:09:18 [main] DEBUG: Otladka
2024-12-15 18:09:18 [main] ERROR: error
2024-12-15 18:12:15 [main] INFO : Запуск приложения
2024-12-15 18:12:15 [main] DEBUG: Otladka
2024-12-15 18:12:15 [main] ERROR: error
2024-12-15 18:13:16 [main] INFO : Запуск приложения
2024-12-15 18:13:16 [main] DEBUG: Otladka
2024-12-15 18:13:16 [main] ERROR: error
2024-12-15 18:13:43 [main] INFO : Запуск приложения
2024-12-15 18:13:43 [main] DEBUG: Otladka
2024-12-15 18:13:43 [main] ERROR: error
2024-12-15 18:30:25 [main] INFO : Запуск приложения
2024-12-15 18:30:41 [JavaFX Application Thread] INFO : День обработан, данные записаны в файл.
2024-12-15 18:31:20 [main] INFO : Запуск приложения
2024-12-15 18:31:56 [JavaFX Application Thread] INFO : День обработан, данные записаны в файл.
2024-12-15 18:32:02 [JavaFX Application Thread] INFO : День обработан, данные записаны в файл.
2024-12-15 18:32:04 [JavaFX Application Thread] INFO : День обработан, данные записаны в файл.
2024-12-15 18:32:05 [JavaFX Application Thread] INFO : День обработан, данные записаны в файл.
2024-12-15 18:32:06 [JavaFX Application Thread] INFO : День обработан, данные записаны в файл.
2024-12-15 18:32:06 [JavaFX Application Thread] INFO : День обработан, данные записаны в файл.
2024-12-15 18:32:12 [JavaFX Application Thread] INFO : День обработан, данные записаны в файл.
2024-12-15 18:32:21 [JavaFX Application Thread] INFO : День обработан, данные записаны в файл.
2024-12-15 18:32:42 [main] INFO : Запуск приложения
2024-12-15 18:32:54 [JavaFX Application Thread] INFO : День обработан, данные записаны в файл.
2024-12-15 18:32:54 [JavaFX Application Thread] INFO : День обработан, данные записаны в файл.
2024-12-15 18:32:55 [JavaFX Application Thread] INFO : День обработан, данные записаны в файл.
2024-12-15 18:32:59 [JavaFX Application Thread] INFO : День обработан, данные записаны в файл.
2024-12-15 18:33:01 [JavaFX Application Thread] INFO : День обработан, данные записаны в файл.
2024-12-15 18:33:06 [JavaFX Application Thread] INFO : Приложение завершило работу.
2024-12-15 18:33:06 [JavaFX Application Thread] INFO : Построение графиков игровых ресурсов по дням.
2024-12-15 18:38:27 [main] INFO : Запуск приложения
2024-12-15 18:38:44 [JavaFX Application Thread] INFO : День обработан, данные записаны в файл.
2024-12-15 18:38:44 [JavaFX Application Thread] INFO : Построение графиков игровых ресурсов по дням.
2024-12-15 18:39:23 [main] INFO : Запуск приложения
2024-12-15 18:39:30 [JavaFX Application Thread] INFO : День обработан, данные записаны в файл.
2024-12-15 18:39:37 [JavaFX Application Thread] INFO : День обработан, данные записаны в файл.
2024-12-15 18:39:38 [JavaFX Application Thread] INFO : День обработан, данные записаны в файл.
2024-12-15 18:39:44 [JavaFX Application Thread] INFO : День обработан, данные записаны в файл.
2024-12-15 18:39:52 [JavaFX Application Thread] INFO : День обработан, данные записаны в файл.
2024-12-15 18:40:01 [JavaFX Application Thread] INFO : Приложение завершило работу.
2024-12-15 18:40:01 [JavaFX Application Thread] INFO : Построение графиков игровых ресурсов по дням.
2024-12-15 18:40:13 [main] INFO : Запуск приложения
2024-12-15 18:40:18 [JavaFX Application Thread] ERROR: Ошибка в работе программы.
2024-12-15 22:03:56 [main] INFO : Запуск приложения
2024-12-15 22:04:04 [JavaFX Application Thread] INFO : День обработан, данные записаны в файл.
2024-12-15 22:04:06 [JavaFX Application Thread] INFO : День обработан, данные записаны в файл.
2024-12-15 22:04:08 [JavaFX Application Thread] INFO : День обработан, данные записаны в файл.
2024-12-15 22:04:09 [JavaFX Application Thread] INFO : День обработан, данные записаны в файл.
2024-12-15 22:04:14 [JavaFX Application Thread] INFO : День обработан, данные записаны в файл.
2024-12-15 22:04:20 [JavaFX Application Thread] INFO : День обработан, данные записаны в файл.
2024-12-15 22:04:24 [JavaFX Application Thread] INFO : День обработан, данные записаны в файл.
2024-12-15 22:04:35 [main] INFO : Запуск приложения
2024-12-15 22:04:43 [JavaFX Application Thread] INFO : День обработан, данные записаны в файл.
2024-12-15 22:04:46 [JavaFX Application Thread] INFO : День обработан, данные записаны в файл.
2024-12-15 22:04:48 [JavaFX Application Thread] INFO : День обработан, данные записаны в файл.
2024-12-15 22:04:50 [JavaFX Application Thread] INFO : День обработан, данные записаны в файл.
2024-12-15 22:04:53 [JavaFX Application Thread] INFO : День обработан, данные записаны в файл.
2024-12-15 22:04:56 [JavaFX Application Thread] INFO : День обработан, данные записаны в файл.
2024-12-15 22:05:03 [JavaFX Application Thread] INFO : День обработан, данные записаны в файл.
2024-12-15 22:05:09 [JavaFX Application Thread] INFO : День обработан, данные записаны в файл.
2024-12-15 22:05:13 [JavaFX Application Thread] INFO : Приложение завершило работу.
2024-12-15 22:05:13 [JavaFX Application Thread] INFO : Построение графиков игровых ресурсов по дням.
2024-12-15 22:05:22 [main] INFO : Запуск приложения
2024-12-15 22:05:25 [JavaFX Application Thread] INFO : День обработан, данные записаны в файл.
2024-12-15 22:05:28 [JavaFX Application Thread] INFO : День обработан, данные записаны в файл.
2024-12-15 22:05:28 [JavaFX Application Thread] INFO : День обработан, данные записаны в файл.
2024-12-15 22:05:31 [JavaFX Application Thread] INFO : День обработан, данные записаны в файл.
2024-12-15 22:05:41 [JavaFX Application Thread] INFO : День обработан, данные записаны в файл.
2024-12-15 22:05:49 [main] INFO : Запуск приложения
2024-12-15 22:05:58 [JavaFX Application Thread] INFO : День обработан, данные записаны в файл.
2024-12-15 22:06:03 [JavaFX Application Thread] INFO : Приложение завершило работу.
2024-12-15 22:06:03 [JavaFX Application Thread] INFO : Построение графиков игровых ресурсов по дням.
2024-12-15 22:06:32 [main] INFO : Запуск приложения
2024-12-15 22:06:50 [JavaFX Application Thread] INFO : День обработан, данные записаны в файл.
2024-12-15 22:06:56 [JavaFX Application Thread] INFO : День обработан, данные записаны в файл.
2024-12-15 22:06:59 [JavaFX Application Thread] INFO : День обработан, данные записаны в файл.
2024-12-15 22:07:03 [JavaFX Application Thread] INFO : День обработан, данные записаны в файл.
2024-12-15 22:07:14 [main] INFO : Запуск приложения
2024-12-15 22:07:22 [JavaFX Application Thread] INFO : День обработан, данные записаны в файл.
2024-12-15 22:07:38 [JavaFX Application Thread] INFO : Приложение завершило работу.
2024-12-15 22:07:38 [JavaFX Application Thread] INFO : Построение графиков игровых ресурсов по дням.
2024-12-15 22:08:37 [main] INFO : Запуск приложения
2024-12-15 22:08:54 [JavaFX Application Thread] INFO : День обработан, данные записаны в файл.
2024-12-15 22:08:56 [JavaFX Application Thread] INFO : День обработан, данные записаны в файл.
2024-12-15 22:09:09 [JavaFX Application Thread] INFO : День обработан, данные записаны в файл.
2024-12-15 22:09:13 [JavaFX Application Thread] INFO : День обработан, данные записаны в файл.
2024-12-15 22:09:19 [JavaFX Application Thread] INFO : День обработан, данные записаны в файл.
2024-12-15 22:09:24 [JavaFX Application Thread] INFO : Приложение завершило работу.
2024-12-15 22:09:24 [JavaFX Application Thread] INFO : Построение графиков игровых ресурсов по дням.
2024-12-16 15:43:23 [main] INFO : Запуск приложения
2024-12-16 15:43:37 [JavaFX Application Thread] INFO : День обработан, данные записаны в файл.
2024-12-16 15:43:44 [JavaFX Application Thread] INFO : День обработан, данные записаны в файл.
2024-12-16 15:44:42 [JavaFX Application Thread] INFO : День обработан, данные записаны в файл.
2024-12-16 15:44:48 [JavaFX Application Thread] INFO : День обработан, данные записаны в файл.
2024-12-16 15:44:51 [JavaFX Application Thread] INFO : День обработан, данные записаны в файл.
2024-12-16 15:44:52 [JavaFX Application Thread] INFO : День обработан, данные записаны в файл.
2024-12-16 15:45:00 [JavaFX Application Thread] INFO : День обработан, данные записаны в файл.
2024-12-16 15:45:08 [JavaFX Application Thread] INFO : Приложение завершило работу.
2024-12-16 15:45:08 [JavaFX Application Thread] INFO : Построение графиков игровых ресурсов по дням.
2024-12-16 15:45:46 [main] INFO : Запуск приложения
2024-12-16 15:45:52 [JavaFX Application Thread] INFO : День обработан, данные записаны в файл.
2024-12-16 15:45:54 [JavaFX Application Thread] INFO : День обработан, данные записаны в файл.
2024-12-16 15:46:55 [JavaFX Application Thread] ERROR: Ошибка в работе программы.
2024-12-16 15:48:20 [main] INFO : Запуск приложения
2024-12-16 15:48:26 [JavaFX Application Thread] INFO : День обработан, данные записаны в файл.
2024-12-16 15:48:27 [JavaFX Application Thread] INFO : День обработан, данные записаны в файл.
2024-12-16 15:48:28 [JavaFX Application Thread] INFO : День обработан, данные записаны в файл.
2024-12-16 15:48:31 [JavaFX Application Thread] INFO : День обработан, данные записаны в файл.
2024-12-16 15:48:35 [JavaFX Application Thread] INFO : День обработан, данные записаны в файл.
2024-12-16 15:48:46 [JavaFX Application Thread] INFO : День обработан, данные записаны в файл.
2024-12-16 15:48:51 [JavaFX Application Thread] ERROR: Ошибка в работе программы.
2024-12-16 15:48:59 [main] INFO : Запуск приложения
2024-12-17 20:14:32 [main] INFO : Запуск приложения
2024-12-17 20:14:38 [JavaFX Application Thread] INFO : День обработан, данные записаны в файл.
2024-12-17 20:14:41 [JavaFX Application Thread] INFO : День обработан, данные записаны в файл.
2024-12-17 20:14:43 [JavaFX Application Thread] INFO : День обработан, данные записаны в файл.
2024-12-17 20:14:47 [JavaFX Application Thread] INFO : День обработан, данные записаны в файл.
2024-12-17 20:14:49 [JavaFX Application Thread] INFO : День обработан, данные записаны в файл.
2024-12-17 20:14:55 [JavaFX Application Thread] INFO : День обработан, данные записаны в файл.
2024-12-17 20:14:58 [JavaFX Application Thread] INFO : Приложение завершило работу.
2024-12-17 20:14:58 [JavaFX Application Thread] INFO : Построение графиков игровых ресурсов по дням.
2024-12-17 20:16:42 [main] INFO : Запуск приложения
2024-12-17 20:16:48 [JavaFX Application Thread] INFO : День обработан, данные записаны в файл.
2024-12-17 20:16:50 [JavaFX Application Thread] INFO : День обработан, данные записаны в файл.
2024-12-17 20:16:51 [JavaFX Application Thread] INFO : День обработан, данные записаны в файл.
2024-12-17 20:16:52 [JavaFX Application Thread] INFO : День обработан, данные записаны в файл.
2024-12-17 20:16:53 [JavaFX Application Thread] INFO : День обработан, данные записаны в файл.
2024-12-17 20:16:57 [JavaFX Application Thread] INFO : День обработан, данные записаны в файл.
2024-12-17 20:16:58 [JavaFX Application Thread] INFO : День обработан, данные записаны в файл.
2024-12-17 20:17:01 [JavaFX Application Thread] INFO : День обработан, данные записаны в файл.
2024-12-17 20:17:06 [JavaFX Application Thread] INFO : День обработан, данные записаны в файл.
2024-12-17 20:17:19 [JavaFX Application Thread] INFO : День обработан, данные записаны в файл.
2024-12-17 20:20:59 [main] INFO : Запуск приложения
2024-12-17 20:21:03 [JavaFX Application Thread] INFO : День обработан, данные записаны в файл.
2024-12-17 20:21:04 [JavaFX Application Thread] INFO : День обработан, данные записаны в файл.
2024-12-17 20:21:04 [JavaFX Application Thread] INFO : День обработан, данные записаны в файл.
2024-12-17 20:21:05 [JavaFX Application Thread] INFO : День обработан, данные записаны в файл.
2024-12-17 20:21:06 [JavaFX Application Thread] INFO : День обработан, данные записаны в файл.
2024-12-17 20:21:07 [JavaFX Application Thread] INFO : День обработан, данные записаны в файл.
2024-12-17 20:21:09 [JavaFX Application Thread] INFO : День обработан, данные записаны в файл.
2024-12-17 20:21:12 [JavaFX Application Thread] INFO : День обработан, данные записаны в файл.
2024-12-17 20:21:16 [JavaFX Application Thread] INFO : День обработан, данные записаны в файл.
2024-12-17 20:21:26 [JavaFX Application Thread] INFO : Приложение завершило работу.
2024-12-17 20:21:26 [JavaFX Application Thread] INFO : Построение графиков игровых ресурсов по дням.
2024-12-17 23:14:17 [main] INFO : Запуск приложения
2024-12-17 23:14:26 [JavaFX Application Thread] INFO : День обработан, данные записаны в файл.
2024-12-17 23:14:29 [JavaFX Application Thread] INFO : День обработан, данные записаны в файл.
2024-12-17 23:14:31 [JavaFX Application Thread] INFO : День обработан, данные записаны в файл.
2024-12-17 23:15:36 [main] INFO : Запуск приложения
2024-12-17 23:15:39 [JavaFX Application Thread] INFO : День обработан, данные записаны в файл.
2024-12-17 23:17:14 [main] INFO : Запуск приложения
2024-12-17 23:17:22 [JavaFX Application Thread] INFO : День обработан, данные записаны в файл.
2024-12-17 23:18:26 [main] INFO : Запуск приложения
2024-12-17 23:18:35 [JavaFX Application Thread] INFO : День обработан, данные записаны в файл.
2024-12-17 23:18:45 [JavaFX Application Thread] ERROR: Ошибка в работе программы.
2024-12-17 23:21:59 [main] INFO : Запуск приложения
2024-12-17 23:28:14 [JavaFX Application Thread] ERROR: Ошибка в работе программы.
2024-12-17 23:33:27 [main] INFO : Запуск приложения
2024-12-17 23:33:31 [JavaFX Application Thread] INFO : День обработан, данные записаны в файл.
2024-12-17 23:33:34 [JavaFX Application Thread] INFO : День обработан, данные записаны в файл.
2024-12-17 23:33:56 [JavaFX Application Thread] INFO : День обработан, данные записаны в файл.
2024-12-17 23:47:08 [main] INFO : Запуск приложения
2024-12-17 23:47:25 [JavaFX Application Thread] INFO : День обработан, данные записаны в файл.
2024-12-17 23:47:28 [JavaFX Application Thread] INFO : День обработан, данные записаны в файл.
2024-12-17 23:47:32 [JavaFX Application Thread] INFO : День обработан, данные записаны в файл.
2024-12-17 23:47:38 [JavaFX Application Thread] INFO : День обработан, данные записаны в файл.
2024-12-17 23:47:40 [JavaFX Application Thread] INFO : День обработан, данные записаны в файл.
2024-12-18 00:51:11 [main] INFO : Запуск приложения
2024-12-18 00:51:21 [JavaFX Application Thread] INFO : День обработан, данные записаны в файл.
2024-12-18 00:51:30 [JavaFX Application Thread] INFO : День обработан, данные записаны в файл.
2024-12-18 00:51:32 [JavaFX Application Thread] INFO : День обработан, данные записаны в файл.
2024-12-18 00:51:33 [JavaFX Application Thread] INFO : День обработан, данные записаны в файл.
2024-12-18 00:52:53 [main] INFO : Запуск приложения
2024-12-18 00:52:57 [JavaFX Application Thread] INFO : День обработан, данные записаны в файл.
2024-12-18 00:53:00 [JavaFX Application Thread] INFO : День обработан, данные записаны в файл.
2024-12-18 00:53:04 [JavaFX Application Thread] INFO : День обработан, данные записаны в файл.
2024-12-18 00:53:15 [JavaFX Application Thread] INFO : День обработан, данные записаны в файл.
2024-12-18 00:53:16 [JavaFX Application Thread] INFO : День обработан, данные записаны в файл.
2024-12-18 00:53:18 [JavaFX Application Thread] INFO : День обработан, данные записаны в файл.
2024-12-18 00:53:33 [JavaFX Application Thread] INFO : День обработан, данные записаны в файл.
2024-12-18 00:53:38 [JavaFX Application Thread] INFO : День обработан, данные записаны в файл.
2024-12-18 00:53:39 [JavaFX Application Thread] INFO : День обработан, данные записаны в файл.
2024-12-18 00:53:40 [JavaFX Application Thread] INFO : Приложение завершило работу.
2024-12-18 00:53:40 [JavaFX Application Thread] INFO : Построение графиков игровых ресурсов по дням.
2024-12-18 14:48:36 [main] INFO : Запуск приложения
2024-12-18 14:49:05 [main] INFO : Запуск приложения
2024-12-18 14:49:26 [main] INFO : Запуск приложения
2024-12-18 14:49:30 [JavaFX Application Thread] INFO : День обработан, данные записаны в файл.
2024-12-18 14:49:31 [JavaFX Application Thread] INFO : День обработан, данные записаны в файл.
2024-12-18 14:49:36 [JavaFX Application Thread] INFO : День обработан, данные записаны в файл.
2024-12-18 14:49:39 [JavaFX Application Thread] INFO : День обработан, данные записаны в файл.
2024-12-18 14:49:43 [JavaFX Application Thread] INFO : День обработан, данные записаны в файл.
2024-12-18 14:49:52 [JavaFX Application Thread] INFO : Приложение завершило работу.
2024-12-18 14:49:52 [JavaFX Application Thread] INFO : Построение графиков игровых ресурсов по дням.
2024-12-18 20:30:27 [JavaFX Application Thread] ERROR: Ошибка в работе программы.
2024-12-18 21:36:15 [main] INFO : Запуск приложения
2024-12-18 22:09:09 [main] INFO : Запуск приложения
2024-12-18 22:09:26 [JavaFX Application Thread] INFO : День обработан, данные записаны в файл.
2024-12-18 22:09:30 [JavaFX Application Thread] INFO : День обработан, данные записаны в файл.
2024-12-18 22:09:33 [JavaFX Application Thread] INFO : День обработан, данные записаны в файл.
2024-12-18 22:09:35 [JavaFX Application Thread] INFO : День обработан, данные записаны в файл.
2024-12-18 22:09:39 [JavaFX Application Thread] INFO : День обработан, данные записаны в файл.
2024-12-18 22:09:40 [JavaFX Application Thread] INFO : День обработан, данные записаны в файл.
2024-12-18 22:09:43 [JavaFX Application Thread] INFO : День обработан, данные записаны в файл.
2024-12-18 22:09:45 [JavaFX Application Thread] INFO : День обработан, данные записаны в файл.
2024-12-18 22:09:48 [JavaFX Application Thread] INFO : День обработан, данные записаны в файл.
2024-12-18 22:09:51 [JavaFX Application Thread] INFO : День обработан, данные записаны в файл.
2024-12-18 22:09:54 [JavaFX Application Thread] INFO : День обработан, данные записаны в файл.
2024-12-18 22:09:56 [JavaFX Application Thread] INFO : День обработан, данные записаны в файл.
2024-12-18 22:09:59 [JavaFX Application Thread] INFO : Приложение завершило работу.
2024-12-18 22:09:59 [JavaFX Application Thread] INFO : Построение графиков игровых ресурсов по дням.
